<html>
<body>
<pre>
<h1>µVision Build Log</h1>
<h2>Tool Versions:</h2>
IDE-Version: µVision V5.14.2
Copyright (C) 2015 ARM Ltd and ARM Germany GmbH. All rights reserved.
License Information: Chris Hill, UCD, LIC=----
 
Tool Versions:
Toolchain:       PK51 Prof. Develpers Kit  Version: 9.54
Toolchain Path:  C:\Keil_v5\C51\BIN
C Compiler:      C51.exe V9.54
Assembler:       A51.exe V8.02c
Linker/Locator:  BL51.exe V6.22
Library Manager: LIB51.exe V4.30.1.0
Hex Converter:   OH51.exe V2.7.0.0
CPU DLL:         S8051.DLL V3.100.0.0
Dialog DLL:      DP51.DLL V2.62.0.1
Target DLL:      MONADI.DLL V1.10
Dialog DLL:      TP51.DLL V2.58
 
<h2>Project:</h2>
C:\Users\Chris\Documents\Engineering\4th Year\digital embeded systems\lab 2\digital-embedded-systems-lab-2\Main\assignment2.uvproj
Project File Date:  02/22/2018

<h2>Output:</h2>
Build target 'Target 1'
assembling START_AD.A51...
compiling main.c...
Source\main.c(1): error C141: syntax error near '<<'
C:\Keil_v5\C51\Inc\ADI\ADUC841.H(12): error C129: missing ';' before 'sfr'
Source\main.c(187): warning C316: unterminated conditionals
compiling screen.c...
compiling measurement.c...
Source\measurement.c(1): error C141: syntax error near '<<'
Source\measurement.h(1): error C129: missing ';' before '<<'
Source\measurement.c(295): warning C316: unterminated conditionals
Target not created.
</pre>
</body>
</html>
